<?xml version="1.0" encoding="UTF-8"?>
<!-- Generated by org.testng.reporters.JUnitXMLReporter -->
<testsuite ignored="0" hostname="Gamma-13" failures="0" tests="4" name="Selenium Course Suite tests" time="9.682" errors="0" timestamp="2024-04-08T21:31:11 EEST">
  <testcase classname="dev.selenium.tests.LoginTest" name="testNotValidLogin" time="0.36"/>
  <testcase classname="dev.selenium.tests.ProductsPageTest" name="canOpenCart" time="0.155"/>
  <testcase classname="dev.selenium.tests.LoginTest" name="testSuccessful" time="0.817"/>
  <testcase classname="dev.selenium.tests.LoginTest" name="testSuccessfulLogin" time="0.383"/>
</testsuite> <!-- Selenium Course Suite tests -->
