<?xml version="1.0" encoding="UTF-8"?>
<!-- Generated by org.testng.reporters.JUnitXMLReporter -->
<testsuite ignored="0" hostname="Gamma-13" failures="0" tests="4" name="Selenium Course Suite tests" time="8.963" errors="0" timestamp="2024-04-08T20:13:17 EEST">
  <testcase classname="dev.selenium.tests.LoginTest" name="testNotValidLogin" time="0.644"/>
  <testcase classname="dev.selenium.tests.ProductsPageTest" name="canOpenCart" time="0.25"/>
  <testcase classname="dev.selenium.tests.LoginTest" name="testSuccessful" time="0.947"/>
  <testcase classname="dev.selenium.tests.LoginTest" name="testSuccessfulLogin" time="0.457"/>
</testsuite> <!-- Selenium Course Suite tests -->
