<?xml version="1.0" encoding="UTF-8"?>
<testng-results ignored="0" total="4" passed="4" failed="0" skipped="0">
  <reporter-output>
  </reporter-output>
  <suite started-at="2024-04-08T21:31:01 EEST" name="Test Demo Suite" finished-at="2024-04-08T21:31:11 EEST" duration-ms="9682">
    <groups>
    </groups>
    <test started-at="2024-04-08T21:31:01 EEST" name="Selenium Course Suite tests" finished-at="2024-04-08T21:31:11 EEST" duration-ms="9682">
      <class name="dev.selenium.tests.LoginTest">
        <test-method is-config="true" signature="setUp()[pri:0, instance:dev.selenium.tests.LoginTest@7193666c]" started-at="2024-04-08T21:31:01 EEST" name="setUp" finished-at="2024-04-08T21:31:06 EEST" duration-ms="4677" status="PASS">
          <reporter-output>
          </reporter-output>
        </test-method> <!-- setUp -->
        <test-method signature="testNotValidLogin()[pri:0, instance:dev.selenium.tests.LoginTest@7193666c]" started-at="2024-04-08T21:31:06 EEST" name="testNotValidLogin" finished-at="2024-04-08T21:31:06 EEST" duration-ms="360" status="PASS">
          <reporter-output>
          </reporter-output>
        </test-method> <!-- testNotValidLogin -->
        <test-method is-config="true" signature="tearDown(org.testng.ITestResult)[pri:0, instance:dev.selenium.tests.LoginTest@7193666c]" started-at="2024-04-08T21:31:06 EEST" name="tearDown" finished-at="2024-04-08T21:31:06 EEST" duration-ms="195" status="PASS">
          <params>
            <param index="0">
              <value>
                <![CDATA[[TestResult name=testNotValidLogin status=SUCCESS method=LoginTest.testNotValidLogin()[pri:0, instance:dev.selenium.tests.LoginTest@7193666c] output={null}]]]>
              </value>
            </param>
          </params>
          <reporter-output>
          </reporter-output>
        </test-method> <!-- tearDown -->
        <test-method is-config="true" signature="setUp()[pri:0, instance:dev.selenium.tests.LoginTest@7193666c]" started-at="2024-04-08T21:31:06 EEST" name="setUp" finished-at="2024-04-08T21:31:08 EEST" duration-ms="1550" status="PASS">
          <reporter-output>
          </reporter-output>
        </test-method> <!-- setUp -->
        <test-method signature="testSuccessful()[pri:0, instance:dev.selenium.tests.LoginTest@7193666c]" started-at="2024-04-08T21:31:08 EEST" name="testSuccessful" finished-at="2024-04-08T21:31:09 EEST" duration-ms="817" status="PASS">
          <reporter-output>
          </reporter-output>
        </test-method> <!-- testSuccessful -->
        <test-method is-config="true" signature="tearDown(org.testng.ITestResult)[pri:0, instance:dev.selenium.tests.LoginTest@7193666c]" started-at="2024-04-08T21:31:09 EEST" name="tearDown" finished-at="2024-04-08T21:31:09 EEST" duration-ms="96" status="PASS">
          <params>
            <param index="0">
              <value>
                <![CDATA[[TestResult name=testSuccessful status=SUCCESS method=LoginTest.testSuccessful()[pri:0, instance:dev.selenium.tests.LoginTest@7193666c] output={null}]]]>
              </value>
            </param>
          </params>
          <reporter-output>
          </reporter-output>
        </test-method> <!-- tearDown -->
        <test-method is-config="true" signature="setUp()[pri:0, instance:dev.selenium.tests.LoginTest@7193666c]" started-at="2024-04-08T21:31:09 EEST" name="setUp" finished-at="2024-04-08T21:31:10 EEST" duration-ms="1480" status="PASS">
          <reporter-output>
          </reporter-output>
        </test-method> <!-- setUp -->
        <test-method signature="testSuccessfulLogin()[pri:0, instance:dev.selenium.tests.LoginTest@7193666c]" started-at="2024-04-08T21:31:10 EEST" name="testSuccessfulLogin" finished-at="2024-04-08T21:31:11 EEST" duration-ms="383" status="PASS">
          <reporter-output>
          </reporter-output>
        </test-method> <!-- testSuccessfulLogin -->
        <test-method is-config="true" signature="tearDown(org.testng.ITestResult)[pri:0, instance:dev.selenium.tests.LoginTest@7193666c]" started-at="2024-04-08T21:31:11 EEST" name="tearDown" finished-at="2024-04-08T21:31:11 EEST" duration-ms="76" status="PASS">
          <params>
            <param index="0">
              <value>
                <![CDATA[[TestResult name=testSuccessfulLogin status=SUCCESS method=LoginTest.testSuccessfulLogin()[pri:0, instance:dev.selenium.tests.LoginTest@7193666c] output={null}]]]>
              </value>
            </param>
          </params>
          <reporter-output>
          </reporter-output>
        </test-method> <!-- tearDown -->
      </class> <!-- dev.selenium.tests.LoginTest -->
      <class name="dev.selenium.tests.ProductsPageTest">
        <test-method is-config="true" signature="setUp()[pri:0, instance:dev.selenium.tests.ProductsPageTest@6356695f]" started-at="2024-04-08T21:31:01 EEST" name="setUp" finished-at="2024-04-08T21:31:05 EEST" duration-ms="4308" status="PASS">
          <reporter-output>
          </reporter-output>
        </test-method> <!-- setUp -->
        <test-method is-config="true" signature="loginBefore()[pri:0, instance:dev.selenium.tests.ProductsPageTest@6356695f]" started-at="2024-04-08T21:31:05 EEST" name="loginBefore" finished-at="2024-04-08T21:31:06 EEST" duration-ms="777" status="PASS">
          <reporter-output>
          </reporter-output>
        </test-method> <!-- loginBefore -->
        <test-method signature="canOpenCart()[pri:0, instance:dev.selenium.tests.ProductsPageTest@6356695f]" started-at="2024-04-08T21:31:06 EEST" name="canOpenCart" finished-at="2024-04-08T21:31:06 EEST" duration-ms="155" status="PASS">
          <reporter-output>
          </reporter-output>
        </test-method> <!-- canOpenCart -->
        <test-method is-config="true" signature="tearDown(org.testng.ITestResult)[pri:0, instance:dev.selenium.tests.ProductsPageTest@6356695f]" started-at="2024-04-08T21:31:06 EEST" name="tearDown" finished-at="2024-04-08T21:31:06 EEST" duration-ms="115" status="PASS">
          <params>
            <param index="0">
              <value>
                <![CDATA[[TestResult name=canOpenCart status=SUCCESS method=ProductsPageTest.canOpenCart()[pri:0, instance:dev.selenium.tests.ProductsPageTest@6356695f] output={null}]]]>
              </value>
            </param>
          </params>
          <reporter-output>
          </reporter-output>
        </test-method> <!-- tearDown -->
      </class> <!-- dev.selenium.tests.ProductsPageTest -->
    </test> <!-- Selenium Course Suite tests -->
  </suite> <!-- Test Demo Suite -->
</testng-results>
