<?xml version="1.0" encoding="UTF-8"?>
<testng-results ignored="0" total="4" passed="4" failed="0" skipped="0">
  <reporter-output>
  </reporter-output>
  <suite started-at="2024-04-08T20:13:08 EEST" name="Test Demo Suite" finished-at="2024-04-08T20:13:17 EEST" duration-ms="8963">
    <groups>
    </groups>
    <test started-at="2024-04-08T20:13:08 EEST" name="Selenium Course Suite tests" finished-at="2024-04-08T20:13:17 EEST" duration-ms="8963">
      <class name="dev.selenium.tests.LoginTest">
        <test-method is-config="true" signature="setUp()[pri:0, instance:dev.selenium.tests.LoginTest@7193666c]" started-at="2024-04-08T20:13:08 EEST" name="setUp" finished-at="2024-04-08T20:13:11 EEST" duration-ms="2825" status="PASS">
          <reporter-output>
          </reporter-output>
        </test-method> <!-- setUp -->
        <test-method signature="testNotValidLogin()[pri:0, instance:dev.selenium.tests.LoginTest@7193666c]" started-at="2024-04-08T20:13:11 EEST" name="testNotValidLogin" finished-at="2024-04-08T20:13:11 EEST" duration-ms="644" status="PASS">
          <reporter-output>
          </reporter-output>
        </test-method> <!-- testNotValidLogin -->
        <test-method is-config="true" signature="tearDown(org.testng.ITestResult)[pri:0, instance:dev.selenium.tests.LoginTest@7193666c]" started-at="2024-04-08T20:13:11 EEST" name="tearDown" finished-at="2024-04-08T20:13:12 EEST" duration-ms="388" status="PASS">
          <params>
            <param index="0">
              <value>
                <![CDATA[[TestResult name=testNotValidLogin status=SUCCESS method=LoginTest.testNotValidLogin()[pri:0, instance:dev.selenium.tests.LoginTest@7193666c] output={null}]]]>
              </value>
            </param>
          </params>
          <reporter-output>
          </reporter-output>
        </test-method> <!-- tearDown -->
        <test-method is-config="true" signature="setUp()[pri:0, instance:dev.selenium.tests.LoginTest@7193666c]" started-at="2024-04-08T20:13:12 EEST" name="setUp" finished-at="2024-04-08T20:13:13 EEST" duration-ms="1767" status="PASS">
          <reporter-output>
          </reporter-output>
        </test-method> <!-- setUp -->
        <test-method signature="testSuccessful()[pri:0, instance:dev.selenium.tests.LoginTest@7193666c]" started-at="2024-04-08T20:13:13 EEST" name="testSuccessful" finished-at="2024-04-08T20:13:14 EEST" duration-ms="947" status="PASS">
          <reporter-output>
          </reporter-output>
        </test-method> <!-- testSuccessful -->
        <test-method is-config="true" signature="tearDown(org.testng.ITestResult)[pri:0, instance:dev.selenium.tests.LoginTest@7193666c]" started-at="2024-04-08T20:13:14 EEST" name="tearDown" finished-at="2024-04-08T20:13:15 EEST" duration-ms="149" status="PASS">
          <params>
            <param index="0">
              <value>
                <![CDATA[[TestResult name=testSuccessful status=SUCCESS method=LoginTest.testSuccessful()[pri:0, instance:dev.selenium.tests.LoginTest@7193666c] output={null}]]]>
              </value>
            </param>
          </params>
          <reporter-output>
          </reporter-output>
        </test-method> <!-- tearDown -->
        <test-method is-config="true" signature="setUp()[pri:0, instance:dev.selenium.tests.LoginTest@7193666c]" started-at="2024-04-08T20:13:15 EEST" name="setUp" finished-at="2024-04-08T20:13:16 EEST" duration-ms="1571" status="PASS">
          <reporter-output>
          </reporter-output>
        </test-method> <!-- setUp -->
        <test-method signature="testSuccessfulLogin()[pri:0, instance:dev.selenium.tests.LoginTest@7193666c]" started-at="2024-04-08T20:13:16 EEST" name="testSuccessfulLogin" finished-at="2024-04-08T20:13:17 EEST" duration-ms="457" status="PASS">
          <reporter-output>
          </reporter-output>
        </test-method> <!-- testSuccessfulLogin -->
        <test-method is-config="true" signature="tearDown(org.testng.ITestResult)[pri:0, instance:dev.selenium.tests.LoginTest@7193666c]" started-at="2024-04-08T20:13:17 EEST" name="tearDown" finished-at="2024-04-08T20:13:17 EEST" duration-ms="169" status="PASS">
          <params>
            <param index="0">
              <value>
                <![CDATA[[TestResult name=testSuccessfulLogin status=SUCCESS method=LoginTest.testSuccessfulLogin()[pri:0, instance:dev.selenium.tests.LoginTest@7193666c] output={null}]]]>
              </value>
            </param>
          </params>
          <reporter-output>
          </reporter-output>
        </test-method> <!-- tearDown -->
      </class> <!-- dev.selenium.tests.LoginTest -->
      <class name="dev.selenium.tests.ProductsPageTest">
        <test-method is-config="true" signature="setUp()[pri:0, instance:dev.selenium.tests.ProductsPageTest@6356695f]" started-at="2024-04-08T20:13:08 EEST" name="setUp" finished-at="2024-04-08T20:13:11 EEST" duration-ms="2813" status="PASS">
          <reporter-output>
          </reporter-output>
        </test-method> <!-- setUp -->
        <test-method is-config="true" signature="loginBefore()[pri:0, instance:dev.selenium.tests.ProductsPageTest@6356695f]" started-at="2024-04-08T20:13:11 EEST" name="loginBefore" finished-at="2024-04-08T20:13:11 EEST" duration-ms="533" status="PASS">
          <reporter-output>
          </reporter-output>
        </test-method> <!-- loginBefore -->
        <test-method signature="canOpenCart()[pri:0, instance:dev.selenium.tests.ProductsPageTest@6356695f]" started-at="2024-04-08T20:13:11 EEST" name="canOpenCart" finished-at="2024-04-08T20:13:11 EEST" duration-ms="250" status="PASS">
          <reporter-output>
          </reporter-output>
        </test-method> <!-- canOpenCart -->
        <test-method is-config="true" signature="tearDown(org.testng.ITestResult)[pri:0, instance:dev.selenium.tests.ProductsPageTest@6356695f]" started-at="2024-04-08T20:13:11 EEST" name="tearDown" finished-at="2024-04-08T20:13:12 EEST" duration-ms="210" status="PASS">
          <params>
            <param index="0">
              <value>
                <![CDATA[[TestResult name=canOpenCart status=SUCCESS method=ProductsPageTest.canOpenCart()[pri:0, instance:dev.selenium.tests.ProductsPageTest@6356695f] output={null}]]]>
              </value>
            </param>
          </params>
          <reporter-output>
          </reporter-output>
        </test-method> <!-- tearDown -->
      </class> <!-- dev.selenium.tests.ProductsPageTest -->
    </test> <!-- Selenium Course Suite tests -->
  </suite> <!-- Test Demo Suite -->
</testng-results>
